::1 - - [30/Apr/2026 22:59:11] "GET /admin.html HTTP/1.1" 200 -
::1 - - [30/Apr/2026 23:12:05] "GET / HTTP/1.1" 200 -
::1 - - [30/Apr/2026 23:12:05] "GET /style.css HTTP/1.1" 200 -
::1 - - [30/Apr/2026 23:12:05] "GET /app.js HTTP/1.1" 200 -
::1 - - [30/Apr/2026 23:12:05] code 404, message File not found
::1 - - [30/Apr/2026 23:12:05] "GET /favicon.ico HTTP/1.1" 404 -
::1 - - [30/Apr/2026 23:12:21] "GET /forgot-password.html HTTP/1.1" 200 -
::1 - - [30/Apr/2026 23:12:28] "GET /index.html HTTP/1.1" 200 -
::1 - - [30/Apr/2026 23:12:58] "GET /admin.html HTTP/1.1" 200 -
::1 - - [30/Apr/2026 23:13:23] "GET /contact.html HTTP/1.1" 200 -
::1 - - [30/Apr/2026 23:14:57] "GET /admin.html HTTP/1.1" 304 -
::1 - - [30/Apr/2026 23:14:57] "GET /style.css HTTP/1.1" 304 -
::1 - - [30/Apr/2026 23:14:57] "GET /app.js HTTP/1.1" 304 -
::1 - - [30/Apr/2026 23:14:59] "GET /dashboard.html HTTP/1.1" 200 -
::1 - - [30/Apr/2026 23:20:32] "GET /dashboard.html HTTP/1.1" 304 -
::1 - - [30/Apr/2026 23:20:32] "GET /style.css HTTP/1.1" 200 -
::1 - - [30/Apr/2026 23:20:32] "GET /app.js HTTP/1.1" 200 -
::1 - - [30/Apr/2026 23:20:49] "GET /admin.html HTTP/1.1" 304 -
::1 - - [30/Apr/2026 23:20:50] "GET /style.css HTTP/1.1" 304 -
::1 - - [30/Apr/2026 23:20:50] "GET /app.js HTTP/1.1" 304 -
::1 - - [30/Apr/2026 23:20:54] "GET /catalog.html HTTP/1.1" 200 -
::1 - - [30/Apr/2026 23:20:57] "GET /customer.html HTTP/1.1" 200 -
::1 - - [30/Apr/2026 23:20:57] "GET /style.css HTTP/1.1" 304 -
::1 - - [30/Apr/2026 23:21:00] "GET /agent.html HTTP/1.1" 200 -
::1 - - [30/Apr/2026 23:21:06] "GET /style.css HTTP/1.1" 304 -
::1 - - [30/Apr/2026 23:21:28] "GET /style.css HTTP/1.1" 304 -
::1 - - [30/Apr/2026 23:21:28] "GET /app.js HTTP/1.1" 304 -
::1 - - [30/Apr/2026 23:21:52] "GET /style.css HTTP/1.1" 304 -
::1 - - [30/Apr/2026 23:21:52] "GET /app.js HTTP/1.1" 304 -
::1 - - [30/Apr/2026 23:22:59] "GET /style.css HTTP/1.1" 304 -
::1 - - [30/Apr/2026 23:22:59] "GET /app.js HTTP/1.1" 304 -
::1 - - [30/Apr/2026 23:23:05] "GET /car-details.html?id=2 HTTP/1.1" 200 -
::1 - - [30/Apr/2026 23:23:08] "GET /checkout.html?id=2 HTTP/1.1" 200 -
::1 - - [30/Apr/2026 23:23:30] "GET /style.css HTTP/1.1" 304 -
::1 - - [30/Apr/2026 23:23:30] "GET /app.js HTTP/1.1" 304 -
::1 - - [30/Apr/2026 23:25:43] "GET /style.css HTTP/1.1" 304 -
::1 - - [30/Apr/2026 23:25:43] "GET /app.js HTTP/1.1" 304 -
::1 - - [30/Apr/2026 23:26:12] "GET /admin.html HTTP/1.1" 304 -
::1 - - [30/Apr/2026 23:26:28] "GET /style.css HTTP/1.1" 304 -
::1 - - [30/Apr/2026 23:26:35] "GET /app.js HTTP/1.1" 304 -
::1 - - [30/Apr/2026 23:26:36] "GET /customer.html HTTP/1.1" 304 -
::1 - - [30/Apr/2026 23:28:00] "GET /style.css HTTP/1.1" 304 -
::1 - - [30/Apr/2026 23:28:00] "GET /app.js HTTP/1.1" 304 -
::1 - - [30/Apr/2026 23:38:18] "GET /style.css HTTP/1.1" 304 -
::1 - - [30/Apr/2026 23:38:18] "GET /app.js HTTP/1.1" 304 -
::1 - - [30/Apr/2026 23:41:48] "GET /style.css HTTP/1.1" 304 -
::1 - - [30/Apr/2026 23:41:48] "GET /app.js HTTP/1.1" 304 -
::1 - - [30/Apr/2026 23:43:14] "GET /customer.html HTTP/1.1" 304 -
::1 - - [30/Apr/2026 23:48:08] "GET /style.css HTTP/1.1" 304 -
::1 - - [30/Apr/2026 23:48:08] "GET /app.js HTTP/1.1" 304 -
::1 - - [30/Apr/2026 23:48:11] "GET /customer.html HTTP/1.1" 304 -
::1 - - [30/Apr/2026 23:51:45] "GET /style.css HTTP/1.1" 304 -
::1 - - [30/Apr/2026 23:51:45] "GET /app.js HTTP/1.1" 304 -
::1 - - [30/Apr/2026 23:55:21] "GET /index.html HTTP/1.1" 200 -
::1 - - [30/Apr/2026 23:55:21] "GET /style.css HTTP/1.1" 200 -
::1 - - [30/Apr/2026 23:55:21] "GET /app.js HTTP/1.1" 200 -
::1 - - [30/Apr/2026 23:55:30] "GET /index.html HTTP/1.1" 304 -
::1 - - [30/Apr/2026 23:55:30] "GET /style.css HTTP/1.1" 304 -
::1 - - [30/Apr/2026 23:55:59] "GET /style.css HTTP/1.1" 304 -
::1 - - [30/Apr/2026 23:55:59] "GET /app.js HTTP/1.1" 304 -
::1 - - [30/Apr/2026 23:56:58] "GET /style.css HTTP/1.1" 304 -
::1 - - [30/Apr/2026 23:56:58] "GET /app.js HTTP/1.1" 304 -
::1 - - [01/May/2026 00:07:56] "GET /index.html HTTP/1.1" 304 -
::1 - - [01/May/2026 00:07:56] "GET /style.css HTTP/1.1" 304 -
::1 - - [01/May/2026 00:07:56] "GET /app.js HTTP/1.1" 304 -
::1 - - [01/May/2026 00:12:56] "GET /reset-password.html?token=f3ad83c1a5d3593b60c5399d11144b3eb717905b730167b0c59a7d60e2b5996d HTTP/1.1" 200 -
::1 - - [01/May/2026 00:12:56] "GET /style.css HTTP/1.1" 304 -
::1 - - [01/May/2026 00:12:56] "GET /app.js HTTP/1.1" 304 -
::1 - - [01/May/2026 00:13:43] "GET /index.html HTTP/1.1" 304 -
::1 - - [01/May/2026 00:13:53] "GET /admin.html HTTP/1.1" 304 -
::1 - - [01/May/2026 00:15:10] "GET /style.css HTTP/1.1" 304 -
::1 - - [01/May/2026 00:15:10] "GET /app.js HTTP/1.1" 304 -
::1 - - [01/May/2026 00:15:24] "GET /customer.html HTTP/1.1" 304 -
